install prefix            ../release
source path               .
C compiler                clang
C library                 
ARCH                      aarch64 (generic)
big-endian                no
runtime cpu detection     yes
NEON enabled              yes
DOTPROD enabled           yes
I8MM enabled              yes
debug symbols             no
strip symbols             yes
optimize for size         no
optimizations             yes
static                    yes
shared                    no
postprocessing support    no
network support           no
threading support         pthreads
safe bitstream reader     yes
texi2html enabled         no
perl enabled              yes
pod2man enabled           yes
makeinfo enabled          no
makeinfo supports HTML    no
xmllint enabled           yes

External libraries:

External libraries providing hardware acceleration:
videotoolbox

Libraries:
avcodec                 avformat                avutil

Programs:

Enabled decoders:
h264                    hevc

Enabled encoders:
h264_videotoolbox       hevc_videotoolbox

Enabled hwaccels:
h264_videotoolbox       hevc_videotoolbox

Enabled parsers:
ac3                     h264                    hevc

Enabled demuxers:

Enabled muxers:
mov                     mp4

Enabled protocols:
file

Enabled filters:

Enabled bsfs:
aac_adtstoasc           h264_mp4toannexb        hevc_mp4toannexb
h264_metadata           hevc_metadata           vp9_superframe

Enabled indevs:

Enabled outdevs:

License: LGPL version 2.1 or later
