install prefix            ../release
source path               .
C compiler                /usr/local/lib/android/sdk/ndk/25.2.9519653/toolchains/llvm/prebuilt/linux-x86_64/bin/aarch64-linux-android21-clang
C library                 bionic
host C compiler           clang
host C library            glibc
ARCH                      c (generic)
big-endian                no
runtime cpu detection     yes
debug symbols             no
strip symbols             yes
optimize for size         no
optimizations             yes
static                    yes
shared                    no
postprocessing support    no
network support           no
threading support         pthreads
safe bitstream reader     yes
texi2html enabled         no
perl enabled              yes
pod2man enabled           yes
makeinfo enabled          yes
makeinfo supports HTML    yes
xmllint enabled           no

External libraries:
jni                     mediacodec              zlib

External libraries providing hardware acceleration:
cuda_llvm

Libraries:
avcodec                 avformat                avutil

Programs:

Enabled decoders:
av1_mediacodec          hevc                    vp9_mediacodec
h264                    hevc_mediacodec
h264_mediacodec         vp8_mediacodec

Enabled encoders:
av1_mediacodec          hevc_mediacodec         vp9_mediacodec
h264_mediacodec         vp8_mediacodec

Enabled hwaccels:

Enabled parsers:
ac3                     h264                    hevc

Enabled demuxers:

Enabled muxers:
mov                     mp4

Enabled protocols:
file

Enabled filters:

Enabled bsfs:
aac_adtstoasc           h264_mp4toannexb        vp9_metadata
av1_metadata            hevc_metadata           vp9_superframe
h264_metadata           hevc_mp4toannexb

Enabled indevs:

Enabled outdevs:

License: LGPL version 2.1 or later
