install prefix            ../release
source path               .
C compiler                cl.exe
C library                 msvcrt
host C compiler           gcc
host C library            mingw64
ARCH                      x86 (generic)
big-endian                no
runtime cpu detection     yes
standalone assembly       yes
x86 assembler             nasm
MMX enabled               yes
MMXEXT enabled            yes
3DNow! enabled            yes
3DNow! extended enabled   yes
SSE enabled               yes
SSSE3 enabled             yes
AESNI enabled             yes
AVX enabled               yes
AVX2 enabled              yes
AVX-512 enabled           yes
AVX-512ICL enabled        yes
XOP enabled               yes
FMA3 enabled              yes
FMA4 enabled              yes
i686 features enabled     yes
CMOV is fast              no
EBX available             no
EBP available             no
debug symbols             no
strip symbols             no
optimize for size         no
optimizations             yes
static                    yes
shared                    no
postprocessing support    no
network support           no
threading support         w32threads
safe bitstream reader     yes
texi2html enabled         no
perl enabled              yes
pod2man enabled           yes
makeinfo enabled          yes
makeinfo supports HTML    yes
xmllint enabled           yes

External libraries:
mediafoundation         schannel

External libraries providing hardware acceleration:
amf                     d3d11va                 nvdec
cuda                    dxva2                   nvenc
cuda_llvm               ffnvcodec
cuvid                   libmfx

Libraries:
avcodec                 avformat                avutil

Programs:

Enabled decoders:
h264                    hevc

Enabled encoders:
h264_amf                h264_qsv                hevc_nvenc
h264_nvenc              hevc_amf                hevc_qsv

Enabled hwaccels:
h264_d3d11va            h264_nvdec              hevc_d3d11va2
h264_d3d11va2           hevc_d3d11va            hevc_nvdec

Enabled parsers:
ac3                     h264                    hevc

Enabled demuxers:

Enabled muxers:
mov                     mp4

Enabled protocols:
file

Enabled filters:

Enabled bsfs:
aac_adtstoasc           h264_mp4toannexb        hevc_mp4toannexb
h264_metadata           hevc_metadata           vp9_superframe

Enabled indevs:

Enabled outdevs:

License: GPL version 2 or later
